✅ Sharp图片处理库加载成功
MySQL 数据库连接成功。
模型关联已初始化。
所有模型均已成功同步。
WebSocket服务器已启动，支持实时进度推送
服务器正在 http://localhost:8000 上运行
node:events:496
      throw er; // Unhandled 'error' event
      ^

Error: listen EADDRINUSE: address already in use :::8000
    at Server.setupListenHandle [as _listen2] (node:net:1939:16)
    at listenInCluster (node:net:1996:12)
    at Server.listen (node:net:2101:7)
    at Function.listen (/mnt/f/project/aigc/comfyui平台/rearend/node_modules/express/lib/application.js:605:24)
    at startServer (/mnt/f/project/aigc/comfyui平台/rearend/app.js:66:24)
    at process.processTicksAndRejections (node:internal/process/task_queues:105:5)
Emitted 'error' event on WebSocketServer instance at:
    at Server.emit (node:events:530:35)
    at emitErrorNT (node:net:1975:8)
    at process.processTicksAndRejections (node:internal/process/task_queues:90:21) {
  code: 'EADDRINUSE',
  errno: -98,
  syscall: 'listen',
  address: '::',
  port: 8000
}

Node.js v22.16.0
